<?xml version="1.0" encoding="UTF-8"?>
<testsuite xmlns:xsi="http://www.w3.org/2001/XMLSchema-instance" xsi:noNamespaceSchemaLocation="https://maven.apache.org/surefire/maven-surefire-plugin/xsd/surefire-test-report.xsd" name="TwitterFollowingTest" time="6.97" tests="3" errors="0" skipped="0" failures="0">
  <properties>
[...]
</properties>
  <testcase name="doSomething" classname="TwitterFollowingTest" time="0.366"/>
  <testcase name="doSomethingElse" classname="TwitterFollowingTest" time="0.002"/>
  <testcase name="doSomethingEsslse" classname="TwitterFollowingTest" time="0.003"/>
</testsuite>